2023-02-14 22:28:07 [ALLCL] error: uncaughtException: (0 , multer_1.default) is not a function
TypeError: (0 , multer_1.default) is not a function
    at Object.<anonymous> (/Users/kyungho/Projects/solution-challenge/backend/src/app/util/multer.ts:6:29)
    at Module._compile (internal/modules/cjs/loader.js:1072:14)
    at Module._compile (/Users/kyungho/Projects/solution-challenge/backend/node_modules/source-map-support/source-map-support.js:568:25)
    at Module.m._compile (/private/var/folders/99/lqwhd9k95_b5djr4pbmyd3cw0000gn/T/ts-node-dev-hook-8821373091482025.js:69:33)
    at Module._extensions..js (internal/modules/cjs/loader.js:1101:10)
    at require.extensions.<computed> (/private/var/folders/99/lqwhd9k95_b5djr4pbmyd3cw0000gn/T/ts-node-dev-hook-8821373091482025.js:71:20)
    at Object.nodeDevHook [as .ts] (/Users/kyungho/Projects/solution-challenge/backend/node_modules/ts-node-dev/lib/hook.js:63:13)
    at Module.load (internal/modules/cjs/loader.js:937:32)
    at Function.Module._load (internal/modules/cjs/loader.js:778:12)
    at Module.require (internal/modules/cjs/loader.js:961:19)
2023-02-14 22:28:41 [ALLCL] error: uncaughtException: (0 , multer_1.default) is not a function
TypeError: (0 , multer_1.default) is not a function
    at Object.<anonymous> (/Users/kyungho/Projects/solution-challenge/backend/src/app/util/multer.ts:6:36)
    at Module._compile (internal/modules/cjs/loader.js:1072:14)
    at Module._compile (/Users/kyungho/Projects/solution-challenge/backend/node_modules/source-map-support/source-map-support.js:568:25)
    at Module.m._compile (/private/var/folders/99/lqwhd9k95_b5djr4pbmyd3cw0000gn/T/ts-node-dev-hook-8821373091482025.js:69:33)
    at Module._extensions..js (internal/modules/cjs/loader.js:1101:10)
    at require.extensions.<computed> (/private/var/folders/99/lqwhd9k95_b5djr4pbmyd3cw0000gn/T/ts-node-dev-hook-8821373091482025.js:71:20)
    at Object.nodeDevHook [as .ts] (/Users/kyungho/Projects/solution-challenge/backend/node_modules/ts-node-dev/lib/hook.js:63:13)
    at Module.load (internal/modules/cjs/loader.js:937:32)
    at Function.Module._load (internal/modules/cjs/loader.js:778:12)
    at Module.require (internal/modules/cjs/loader.js:961:19)
2023-02-14 22:29:03 [ALLCL] error: uncaughtException: (0 , multer_1.default) is not a function
TypeError: (0 , multer_1.default) is not a function
    at Object.<anonymous> (/Users/kyungho/Projects/solution-challenge/backend/src/app/util/multer.ts:6:36)
    at Module._compile (internal/modules/cjs/loader.js:1072:14)
    at Module._compile (/Users/kyungho/Projects/solution-challenge/backend/node_modules/source-map-support/source-map-support.js:568:25)
    at Module.m._compile (/private/var/folders/99/lqwhd9k95_b5djr4pbmyd3cw0000gn/T/ts-node-dev-hook-8821373091482025.js:69:33)
    at Module._extensions..js (internal/modules/cjs/loader.js:1101:10)
    at require.extensions.<computed> (/private/var/folders/99/lqwhd9k95_b5djr4pbmyd3cw0000gn/T/ts-node-dev-hook-8821373091482025.js:71:20)
    at Object.nodeDevHook [as .ts] (/Users/kyungho/Projects/solution-challenge/backend/node_modules/ts-node-dev/lib/hook.js:63:13)
    at Module.load (internal/modules/cjs/loader.js:937:32)
    at Function.Module._load (internal/modules/cjs/loader.js:778:12)
    at Module.require (internal/modules/cjs/loader.js:961:19)
2023-02-14 22:29:21 [ALLCL] error: uncaughtException: (0 , multer_1.multer) is not a function
TypeError: (0 , multer_1.multer) is not a function
    at Object.<anonymous> (/Users/kyungho/Projects/solution-challenge/backend/src/app/util/multer.ts:6:36)
    at Module._compile (internal/modules/cjs/loader.js:1072:14)
    at Module._compile (/Users/kyungho/Projects/solution-challenge/backend/node_modules/source-map-support/source-map-support.js:568:25)
    at Module.m._compile (/private/var/folders/99/lqwhd9k95_b5djr4pbmyd3cw0000gn/T/ts-node-dev-hook-8821373091482025.js:69:33)
    at Module._extensions..js (internal/modules/cjs/loader.js:1101:10)
    at require.extensions.<computed> (/private/var/folders/99/lqwhd9k95_b5djr4pbmyd3cw0000gn/T/ts-node-dev-hook-8821373091482025.js:71:20)
    at Object.nodeDevHook [as .ts] (/Users/kyungho/Projects/solution-challenge/backend/node_modules/ts-node-dev/lib/hook.js:63:13)
    at Module.load (internal/modules/cjs/loader.js:937:32)
    at Function.Module._load (internal/modules/cjs/loader.js:778:12)
    at Module.require (internal/modules/cjs/loader.js:961:19)
2023-02-14 22:32:09 [ALLCL] error: uncaughtException: ⨯ Unable to compile TypeScript:
src/app/controllers/record.controller.ts(29,22): error TS2339: Property 'file' does not exist on type 'Request<ParamsDictionary, any, any, ParsedQs, Record<string, any>>'.

Error: ⨯ Unable to compile TypeScript:
src/app/controllers/record.controller.ts(29,22): error TS2339: Property 'file' does not exist on type 'Request<ParamsDictionary, any, any, ParsedQs, Record<string, any>>'.

    at Object.<anonymous> (/Users/kyungho/Projects/solution-challenge/backend/src/app/controllers/record.controller.ts:1:7)
    at Module._compile (internal/modules/cjs/loader.js:1072:14)
    at Module._compile (/Users/kyungho/Projects/solution-challenge/backend/node_modules/source-map-support/source-map-support.js:568:25)
    at Module.m._compile (/private/var/folders/99/lqwhd9k95_b5djr4pbmyd3cw0000gn/T/ts-node-dev-hook-8821373091482025.js:69:33)
    at Module._extensions..js (internal/modules/cjs/loader.js:1101:10)
    at require.extensions.<computed> (/private/var/folders/99/lqwhd9k95_b5djr4pbmyd3cw0000gn/T/ts-node-dev-hook-8821373091482025.js:71:20)
    at Object.nodeDevHook [as .ts] (/Users/kyungho/Projects/solution-challenge/backend/node_modules/ts-node-dev/lib/hook.js:63:13)
    at Module.load (internal/modules/cjs/loader.js:937:32)
    at Function.Module._load (internal/modules/cjs/loader.js:778:12)
    at Module.require (internal/modules/cjs/loader.js:961:19)
2023-02-14 22:35:36 [ALLCL] error: uncaughtException: ⨯ Unable to compile TypeScript:
src/app/routes/records.router.ts(14,29): error TS2554: Expected 1 arguments, but got 2.

Error: ⨯ Unable to compile TypeScript:
src/app/routes/records.router.ts(14,29): error TS2554: Expected 1 arguments, but got 2.

    at Object.<anonymous> (/Users/kyungho/Projects/solution-challenge/backend/src/app/routes/records.router.ts:1:7)
    at Module._compile (internal/modules/cjs/loader.js:1072:14)
    at Module._compile (/Users/kyungho/Projects/solution-challenge/backend/node_modules/source-map-support/source-map-support.js:568:25)
    at Module.m._compile (/private/var/folders/99/lqwhd9k95_b5djr4pbmyd3cw0000gn/T/ts-node-dev-hook-8821373091482025.js:69:33)
    at Module._extensions..js (internal/modules/cjs/loader.js:1101:10)
    at require.extensions.<computed> (/private/var/folders/99/lqwhd9k95_b5djr4pbmyd3cw0000gn/T/ts-node-dev-hook-8821373091482025.js:71:20)
    at Object.nodeDevHook [as .ts] (/Users/kyungho/Projects/solution-challenge/backend/node_modules/ts-node-dev/lib/hook.js:63:13)
    at Module.load (internal/modules/cjs/loader.js:937:32)
    at Function.Module._load (internal/modules/cjs/loader.js:778:12)
    at Module.require (internal/modules/cjs/loader.js:961:19)
2023-02-14 22:59:02 [ALLCL] error: uncaughtException: ⨯ Unable to compile TypeScript:
src/app/util/multer.ts(4,29): error TS2559: Type 'string' has no properties in common with type 'StorageOptions'.

Error: ⨯ Unable to compile TypeScript:
src/app/util/multer.ts(4,29): error TS2559: Type 'string' has no properties in common with type 'StorageOptions'.

    at Object.<anonymous> (/Users/kyungho/Projects/solution-challenge/backend/src/app/util/multer.ts:1:7)
    at Module._compile (internal/modules/cjs/loader.js:1072:14)
    at Module._compile (/Users/kyungho/Projects/solution-challenge/backend/node_modules/source-map-support/source-map-support.js:568:25)
    at Module.m._compile (/private/var/folders/99/lqwhd9k95_b5djr4pbmyd3cw0000gn/T/ts-node-dev-hook-8821373091482025.js:69:33)
    at Module._extensions..js (internal/modules/cjs/loader.js:1101:10)
    at require.extensions.<computed> (/private/var/folders/99/lqwhd9k95_b5djr4pbmyd3cw0000gn/T/ts-node-dev-hook-8821373091482025.js:71:20)
    at Object.nodeDevHook [as .ts] (/Users/kyungho/Projects/solution-challenge/backend/node_modules/ts-node-dev/lib/hook.js:63:13)
    at Module.load (internal/modules/cjs/loader.js:937:32)
    at Function.Module._load (internal/modules/cjs/loader.js:778:12)
    at Module.require (internal/modules/cjs/loader.js:961:19)
2023-02-14 22:59:06 [ALLCL] error: uncaughtException: ⨯ Unable to compile TypeScript:
src/app/util/multer.ts(4,29): error TS2559: Type 'string' has no properties in common with type 'StorageOptions'.

Error: ⨯ Unable to compile TypeScript:
src/app/util/multer.ts(4,29): error TS2559: Type 'string' has no properties in common with type 'StorageOptions'.

    at Object.<anonymous> (/Users/kyungho/Projects/solution-challenge/backend/src/app/util/multer.ts:1:7)
    at Module._compile (internal/modules/cjs/loader.js:1072:14)
    at Module._compile (/Users/kyungho/Projects/solution-challenge/backend/node_modules/source-map-support/source-map-support.js:568:25)
    at Module.m._compile (/private/var/folders/99/lqwhd9k95_b5djr4pbmyd3cw0000gn/T/ts-node-dev-hook-8821373091482025.js:69:33)
    at Module._extensions..js (internal/modules/cjs/loader.js:1101:10)
    at require.extensions.<computed> (/private/var/folders/99/lqwhd9k95_b5djr4pbmyd3cw0000gn/T/ts-node-dev-hook-8821373091482025.js:71:20)
    at Object.nodeDevHook [as .ts] (/Users/kyungho/Projects/solution-challenge/backend/node_modules/ts-node-dev/lib/hook.js:63:13)
    at Module.load (internal/modules/cjs/loader.js:937:32)
    at Function.Module._load (internal/modules/cjs/loader.js:778:12)
    at Module.require (internal/modules/cjs/loader.js:961:19)
2023-02-14 22:59:26 [ALLCL] error: uncaughtException: ⨯ Unable to compile TypeScript:
src/app/util/multer.ts(4,30): error TS2345: Argument of type '{ process: NodeJS.Process; "": any; }' is not assignable to parameter of type 'StorageOptions'.
  Object literal may only specify known properties, and 'process' does not exist in type 'StorageOptions'.
src/app/util/multer.ts(4,37): error TS1005: ',' expected.

Error: ⨯ Unable to compile TypeScript:
src/app/util/multer.ts(4,30): error TS2345: Argument of type '{ process: NodeJS.Process; "": any; }' is not assignable to parameter of type 'StorageOptions'.
  Object literal may only specify known properties, and 'process' does not exist in type 'StorageOptions'.
src/app/util/multer.ts(4,37): error TS1005: ',' expected.

    at Object.<anonymous> (/Users/kyungho/Projects/solution-challenge/backend/src/app/util/multer.ts:1:7)
    at Module._compile (internal/modules/cjs/loader.js:1072:14)
    at Module._compile (/Users/kyungho/Projects/solution-challenge/backend/node_modules/source-map-support/source-map-support.js:568:25)
    at Module.m._compile (/private/var/folders/99/lqwhd9k95_b5djr4pbmyd3cw0000gn/T/ts-node-dev-hook-8821373091482025.js:69:33)
    at Module._extensions..js (internal/modules/cjs/loader.js:1101:10)
    at require.extensions.<computed> (/private/var/folders/99/lqwhd9k95_b5djr4pbmyd3cw0000gn/T/ts-node-dev-hook-8821373091482025.js:71:20)
    at Object.nodeDevHook [as .ts] (/Users/kyungho/Projects/solution-challenge/backend/node_modules/ts-node-dev/lib/hook.js:63:13)
    at Module.load (internal/modules/cjs/loader.js:937:32)
    at Function.Module._load (internal/modules/cjs/loader.js:778:12)
    at Module.require (internal/modules/cjs/loader.js:961:19)
2023-02-14 22:59:48 [ALLCL] error: uncaughtException: ⨯ Unable to compile TypeScript:
src/app/util/multer.ts(4,30): error TS2345: Argument of type '{ process: NodeJS.Process; "": string; }' is not assignable to parameter of type 'StorageOptions'.
  Object literal may only specify known properties, and 'process' does not exist in type 'StorageOptions'.
src/app/util/multer.ts(4,37): error TS1005: ',' expected.

Error: ⨯ Unable to compile TypeScript:
src/app/util/multer.ts(4,30): error TS2345: Argument of type '{ process: NodeJS.Process; "": string; }' is not assignable to parameter of type 'StorageOptions'.
  Object literal may only specify known properties, and 'process' does not exist in type 'StorageOptions'.
src/app/util/multer.ts(4,37): error TS1005: ',' expected.

    at Object.<anonymous> (/Users/kyungho/Projects/solution-challenge/backend/src/app/util/multer.ts:1:7)
    at Module._compile (internal/modules/cjs/loader.js:1072:14)
    at Module._compile (/Users/kyungho/Projects/solution-challenge/backend/node_modules/source-map-support/source-map-support.js:568:25)
    at Module.m._compile (/private/var/folders/99/lqwhd9k95_b5djr4pbmyd3cw0000gn/T/ts-node-dev-hook-8821373091482025.js:69:33)
    at Module._extensions..js (internal/modules/cjs/loader.js:1101:10)
    at require.extensions.<computed> (/private/var/folders/99/lqwhd9k95_b5djr4pbmyd3cw0000gn/T/ts-node-dev-hook-8821373091482025.js:71:20)
    at Object.nodeDevHook [as .ts] (/Users/kyungho/Projects/solution-challenge/backend/node_modules/ts-node-dev/lib/hook.js:63:13)
    at Module.load (internal/modules/cjs/loader.js:937:32)
    at Function.Module._load (internal/modules/cjs/loader.js:778:12)
    at Module.require (internal/modules/cjs/loader.js:961:19)
2023-02-14 23:07:24 [ALLCL] error: uncaughtException: ⨯ Unable to compile TypeScript:
src/app/util/multer.ts(5,29): error TS2349: This expression is not callable.
  Type '{}' has no call signatures.
src/app/util/multer.ts(5,31): error TS1136: Property assignment expected.
src/app/util/multer.ts(5,73): error TS1005: ',' expected.
src/app/util/multer.ts(5,74): error TS1128: Declaration or statement expected.

Error: ⨯ Unable to compile TypeScript:
src/app/util/multer.ts(5,29): error TS2349: This expression is not callable.
  Type '{}' has no call signatures.
src/app/util/multer.ts(5,31): error TS1136: Property assignment expected.
src/app/util/multer.ts(5,73): error TS1005: ',' expected.
src/app/util/multer.ts(5,74): error TS1128: Declaration or statement expected.

    at Object.<anonymous> (/Users/kyungho/Projects/solution-challenge/backend/src/app/util/multer.ts:1:7)
    at Module._compile (internal/modules/cjs/loader.js:1072:14)
    at Module._compile (/Users/kyungho/Projects/solution-challenge/backend/node_modules/source-map-support/source-map-support.js:568:25)
    at Module.m._compile (/private/var/folders/99/lqwhd9k95_b5djr4pbmyd3cw0000gn/T/ts-node-dev-hook-8821373091482025.js:69:33)
    at Module._extensions..js (internal/modules/cjs/loader.js:1101:10)
    at require.extensions.<computed> (/private/var/folders/99/lqwhd9k95_b5djr4pbmyd3cw0000gn/T/ts-node-dev-hook-8821373091482025.js:71:20)
    at Object.nodeDevHook [as .ts] (/Users/kyungho/Projects/solution-challenge/backend/node_modules/ts-node-dev/lib/hook.js:63:13)
    at Module.load (internal/modules/cjs/loader.js:937:32)
    at Function.Module._load (internal/modules/cjs/loader.js:778:12)
    at Module.require (internal/modules/cjs/loader.js:961:19)
